CUB3D VALGRIND TEST LOG
Generated on: Fri Oct 24 05:40:12 PM WEST 2025
═══════════════════════════════════════════════════════════════════════════════════════════════════════════

━━━━━━━━━━━━━━━━━━━━━━━━━━━━━━━━━━━━━━━━━━━━━━━━━━━━━━━━━━━━━━━━━━━━━━━━━━━━━━━━━━━━━━━━━━━━━━━━━━━━━━━━━
MEMORY ISSUES FOUND - Testing: ./assets/maps/validMaps/file_letter_end.cub
Timestamp: Fri Oct 24 05:40:21 PM WEST 2025
━━━━━━━━━━━━━━━━━━━━━━━━━━━━━━━━━━━━━━━━━━━━━━━━━━━━━━━━━━━━━━━━━━━━━━━━━━━━━━━━━━━━━━━━━━━━━━━━━━━━━━━━━
==120314== Memcheck, a memory error detector
==120314== Copyright (C) 2002-2017, and GNU GPL'd, by Julian Seward et al.
==120314== Using Valgrind-3.18.1 and LibVEX; rerun with -h for copyright info
==120314== Command: ./cub3D ./assets/maps/validMaps/file_letter_end.cub
==120314== Parent PID: 120312
==120314== 
==120314== 
==120314== HEAP SUMMARY:
==120314==     in use at exit: 317 bytes in 28 blocks
==120314==   total heap usage: 480 allocs, 452 frees, 12,611 bytes allocated
==120314== 
==120314== 13 bytes in 13 blocks are indirectly lost in loss record 1 of 3
==120314==    at 0x4848899: malloc (in /usr/libexec/valgrind/vgpreload_memcheck-amd64-linux.so)
==120314==    by 0x404676: trim_newline (parse_map.c:52)
==120314==    by 0x404676: add_map_line (parse_map.c:67)
==120314==    by 0x40477E: read_map_lines (parse_map.c:98)
==120314==    by 0x404B31: parse_map (map_validation.c:161)
==120314==    by 0x404D96: parser (parse.c:23)
==120314==    by 0x4027C1: main (main.c:19)
==120314== 
==120314== 80 bytes in 14 blocks are indirectly lost in loss record 2 of 3
==120314==    at 0x4848899: malloc (in /usr/libexec/valgrind/vgpreload_memcheck-amd64-linux.so)
==120314==    by 0x404676: trim_newline (parse_map.c:52)
==120314==    by 0x404676: add_map_line (parse_map.c:67)
==120314==    by 0x404741: read_map_lines (parse_map.c:0)
==120314==    by 0x404B31: parse_map (map_validation.c:161)
==120314==    by 0x404D96: parser (parse.c:23)
==120314==    by 0x4027C1: main (main.c:19)
==120314== 
==120314== 317 (224 direct, 93 indirect) bytes in 1 blocks are definitely lost in loss record 3 of 3
==120314==    at 0x4848899: malloc (in /usr/libexec/valgrind/vgpreload_memcheck-amd64-linux.so)
==120314==    by 0x404607: expand_map_array (parse_map.c:28)
==120314==    by 0x404607: add_map_line (parse_map.c:64)
==120314==    by 0x404741: read_map_lines (parse_map.c:0)
==120314==    by 0x404B31: parse_map (map_validation.c:161)
==120314==    by 0x404D96: parser (parse.c:23)
==120314==    by 0x4027C1: main (main.c:19)
==120314== 
==120314== LEAK SUMMARY:
==120314==    definitely lost: 224 bytes in 1 blocks
==120314==    indirectly lost: 93 bytes in 27 blocks
==120314==      possibly lost: 0 bytes in 0 blocks
==120314==    still reachable: 0 bytes in 0 blocks
==120314==         suppressed: 0 bytes in 0 blocks
==120314== 
==120314== For lists of detected and suppressed errors, rerun with: -s
==120314== ERROR SUMMARY: 1 errors from 1 contexts (suppressed: 0 from 0)

━━━━━━━━━━━━━━━━━━━━━━━━━━━━━━━━━━━━━━━━━━━━━━━━━━━━━━━━━━━━━━━━━━━━━━━━━━━━━━━━━━━━━━━━━━━━━━━━━━━━━━━━━
MEMORY ISSUES FOUND - Testing: ./assets/maps/invalidMaps/map_empty_line.cub
Timestamp: Fri Oct 24 05:41:11 PM WEST 2025
━━━━━━━━━━━━━━━━━━━━━━━━━━━━━━━━━━━━━━━━━━━━━━━━━━━━━━━━━━━━━━━━━━━━━━━━━━━━━━━━━━━━━━━━━━━━━━━━━━━━━━━━━
==121876== Memcheck, a memory error detector
==121876== Copyright (C) 2002-2017, and GNU GPL'd, by Julian Seward et al.
==121876== Using Valgrind-3.18.1 and LibVEX; rerun with -h for copyright info
==121876== Command: ./cub3D ./assets/maps/invalidMaps/map_empty_line.cub
==121876== Parent PID: 121874
==121876== 
==121876== 
==121876== HEAP SUMMARY:
==121876==     in use at exit: 245 bytes in 14 blocks
==121876==   total heap usage: 368 allocs, 354 frees, 10,163 bytes allocated
==121876== 
==121876== 1 bytes in 1 blocks are indirectly lost in loss record 1 of 3
==121876==    at 0x4848899: malloc (in /usr/libexec/valgrind/vgpreload_memcheck-amd64-linux.so)
==121876==    by 0x404676: trim_newline (parse_map.c:52)
==121876==    by 0x404676: add_map_line (parse_map.c:67)
==121876==    by 0x40477E: read_map_lines (parse_map.c:98)
==121876==    by 0x404B31: parse_map (map_validation.c:161)
==121876==    by 0x404D96: parser (parse.c:23)
==121876==    by 0x4027C1: main (main.c:19)
==121876== 
==121876== 132 bytes in 12 blocks are indirectly lost in loss record 2 of 3
==121876==    at 0x4848899: malloc (in /usr/libexec/valgrind/vgpreload_memcheck-amd64-linux.so)
==121876==    by 0x404676: trim_newline (parse_map.c:52)
==121876==    by 0x404676: add_map_line (parse_map.c:67)
==121876==    by 0x404741: read_map_lines (parse_map.c:0)
==121876==    by 0x404B31: parse_map (map_validation.c:161)
==121876==    by 0x404D96: parser (parse.c:23)
==121876==    by 0x4027C1: main (main.c:19)
==121876== 
==121876== 245 (112 direct, 133 indirect) bytes in 1 blocks are definitely lost in loss record 3 of 3
==121876==    at 0x4848899: malloc (in /usr/libexec/valgrind/vgpreload_memcheck-amd64-linux.so)
==121876==    by 0x404607: expand_map_array (parse_map.c:28)
==121876==    by 0x404607: add_map_line (parse_map.c:64)
==121876==    by 0x404741: read_map_lines (parse_map.c:0)
==121876==    by 0x404B31: parse_map (map_validation.c:161)
==121876==    by 0x404D96: parser (parse.c:23)
==121876==    by 0x4027C1: main (main.c:19)
==121876== 
==121876== LEAK SUMMARY:
==121876==    definitely lost: 112 bytes in 1 blocks
==121876==    indirectly lost: 133 bytes in 13 blocks
==121876==      possibly lost: 0 bytes in 0 blocks
==121876==    still reachable: 0 bytes in 0 blocks
==121876==         suppressed: 0 bytes in 0 blocks
==121876== 
==121876== For lists of detected and suppressed errors, rerun with: -s
==121876== ERROR SUMMARY: 1 errors from 1 contexts (suppressed: 0 from 0)

━━━━━━━━━━━━━━━━━━━━━━━━━━━━━━━━━━━━━━━━━━━━━━━━━━━━━━━━━━━━━━━━━━━━━━━━━━━━━━━━━━━━━━━━━━━━━━━━━━━━━━━━━
MEMORY ISSUES FOUND - Testing: ./assets/maps/invalidMaps/map_too_small.cub
Timestamp: Fri Oct 24 05:41:16 PM WEST 2025
━━━━━━━━━━━━━━━━━━━━━━━━━━━━━━━━━━━━━━━━━━━━━━━━━━━━━━━━━━━━━━━━━━━━━━━━━━━━━━━━━━━━━━━━━━━━━━━━━━━━━━━━━
==122057== Memcheck, a memory error detector
==122057== Copyright (C) 2002-2017, and GNU GPL'd, by Julian Seward et al.
==122057== Using Valgrind-3.18.1 and LibVEX; rerun with -h for copyright info
==122057== Command: ./cub3D ./assets/maps/invalidMaps/map_too_small.cub
==122057== Parent PID: 122055
==122057== 
==122057== 
==122057== HEAP SUMMARY:
==122057==     in use at exit: 122 bytes in 13 blocks
==122057==   total heap usage: 294 allocs, 281 frees, 8,606 bytes allocated
==122057== 
==122057== 8 bytes in 2 blocks are indirectly lost in loss record 1 of 3
==122057==    at 0x4848899: malloc (in /usr/libexec/valgrind/vgpreload_memcheck-amd64-linux.so)
==122057==    by 0x404676: trim_newline (parse_map.c:52)
==122057==    by 0x404676: add_map_line (parse_map.c:67)
==122057==    by 0x404741: read_map_lines (parse_map.c:0)
==122057==    by 0x404B31: parse_map (map_validation.c:161)
==122057==    by 0x404D96: parser (parse.c:23)
==122057==    by 0x4027C1: main (main.c:19)
==122057== 
==122057== 10 bytes in 10 blocks are indirectly lost in loss record 2 of 3
==122057==    at 0x4848899: malloc (in /usr/libexec/valgrind/vgpreload_memcheck-amd64-linux.so)
==122057==    by 0x404676: trim_newline (parse_map.c:52)
==122057==    by 0x404676: add_map_line (parse_map.c:67)
==122057==    by 0x40477E: read_map_lines (parse_map.c:98)
==122057==    by 0x404B31: parse_map (map_validation.c:161)
==122057==    by 0x404D96: parser (parse.c:23)
==122057==    by 0x4027C1: main (main.c:19)
==122057== 
==122057== 122 (104 direct, 18 indirect) bytes in 1 blocks are definitely lost in loss record 3 of 3
==122057==    at 0x4848899: malloc (in /usr/libexec/valgrind/vgpreload_memcheck-amd64-linux.so)
==122057==    by 0x404607: expand_map_array (parse_map.c:28)
==122057==    by 0x404607: add_map_line (parse_map.c:64)
==122057==    by 0x40477E: read_map_lines (parse_map.c:98)
==122057==    by 0x404B31: parse_map (map_validation.c:161)
==122057==    by 0x404D96: parser (parse.c:23)
==122057==    by 0x4027C1: main (main.c:19)
==122057== 
==122057== LEAK SUMMARY:
==122057==    definitely lost: 104 bytes in 1 blocks
==122057==    indirectly lost: 18 bytes in 12 blocks
==122057==      possibly lost: 0 bytes in 0 blocks
==122057==    still reachable: 0 bytes in 0 blocks
==122057==         suppressed: 0 bytes in 0 blocks
==122057== 
==122057== For lists of detected and suppressed errors, rerun with: -s
==122057== ERROR SUMMARY: 1 errors from 1 contexts (suppressed: 0 from 0)

